<?xml version="1.0" encoding="UTF-8"?>
<!-- Generated by org.testng.reporters.JUnitReportReporter -->
<testsuite hostname="DESKTOP-621AVF1" failures="0" tests="1" name="lamdatestAssignment.TestCase1" time="14.092" errors="0" timestamp="2022-08-25T14:28:47 IST" skipped="0">
  <testcase classname="lamdatestAssignment.TestCase1" name="testSimple" time="14.092"/>
  <system-out/>
</testsuite> <!-- lamdatestAssignment.TestCase1 -->
