<?xml version="1.0" encoding="UTF-8"?>
<!-- Generated by org.testng.reporters.JUnitReportReporter -->
<testsuite hostname="DESKTOP-621AVF1" failures="0" tests="1" name="lamdatestAssignment.TestCase3" time="31.838" errors="0" timestamp="2022-08-25T14:19:07 IST" skipped="0">
  <testcase classname="lamdatestAssignment.TestCase3" name="testSimple" time="31.838"/>
  <system-out/>
</testsuite> <!-- lamdatestAssignment.TestCase3 -->
