<?xml version="1.0" encoding="UTF-8"?>
<!-- Generated by org.testng.reporters.JUnitReportReporter -->
<testsuite hostname="DESKTOP-621AVF1" failures="0" tests="1" name="lamdatestAssignment.TestCase2" time="5.894" errors="0" timestamp="2022-08-25T15:09:18 IST" skipped="0">
  <testcase classname="lamdatestAssignment.TestCase2" name="testSimple" time="5.894"/>
  <system-out/>
</testsuite> <!-- lamdatestAssignment.TestCase2 -->
